<?xml version="1.0" encoding="UTF-8"?>
<!-- Generated by org.testng.reporters.JUnitReportReporter -->
<testsuite hostname="IITMSLP40" failures="0" tests="1" name="com.qa.tests.attendance.StudentTheoryBatchRegistrationTests" time="42.909" errors="0" timestamp="2022-10-06T15:23:28 IST" skipped="0">
  <testcase classname="com.qa.tests.attendance.StudentTheoryBatchRegistrationTests" name="Register_Student_For_Theory_Batch" time="42.909"/>
  <system-out/>
</testsuite> <!-- com.qa.tests.attendance.StudentTheoryBatchRegistrationTests -->
