<?xml version="1.0" encoding="UTF-8"?>
<!-- Generated by org.testng.reporters.JUnitReportReporter -->
<testsuite skipped="0" hostname="DESKTOP-1MTD1OS" name="com.qa.tests.academic.MCQExamTests" tests="1" failures="0" timestamp="2022-06-30T22:45:04 IST" time="12.398" errors="0">
  <testcase name="online_Tests" time="12.398" classname="com.qa.tests.academic.MCQExamTests"/>
  <system-out/>
</testsuite> <!-- com.qa.tests.academic.MCQExamTests -->
