<?xml version="1.0" encoding="UTF-8"?>
<!-- Generated by org.testng.reporters.JUnitReportReporter -->
<testsuite skipped="0" hostname="DESKTOP-1MTD1OS" name="com.qa.tests.Attendance.AttendanceStudentAttendanceTest" tests="1" failures="0" timestamp="2022-07-15T01:04:38 IST" time="61.606" errors="0">
  <testcase name="Attendance_StudentAttendance" time="61.606" classname="com.qa.tests.Attendance.AttendanceStudentAttendanceTest"/>
  <system-out/>
</testsuite> <!-- com.qa.tests.Attendance.AttendanceStudentAttendanceTest -->
