<?xml version="1.0" encoding="UTF-8"?>
<!-- Generated by org.testng.reporters.JUnitReportReporter -->
<testsuite skipped="0" hostname="DESKTOP-1MTD1OS" name="com.qa.tests.NewsTests" tests="7" failures="0" timestamp="2022-03-23T23:39:30 IST" time="18.503" errors="0">
  <testcase name="open_News" time="9.504" classname="com.qa.tests.NewsTests"/>
  <system-out/>
  <testcase name="view_Post_From_News" time="1.809" classname="com.qa.tests.NewsTests"/>
  <system-out/>
  <testcase name="like_Post_From_News" time="1.274" classname="com.qa.tests.NewsTests"/>
  <system-out/>
  <testcase name="unlike_Post_From_News" time="1.024" classname="com.qa.tests.NewsTests"/>
  <system-out/>
  <testcase name="download_Post_From_News" time="2.009" classname="com.qa.tests.NewsTests"/>
  <system-out/>
  <testcase name="bookmark_Post_From_News" time="1.622" classname="com.qa.tests.NewsTests"/>
  <system-out/>
  <testcase name="remove_Bookmark_From_Blogs_News" time="1.261" classname="com.qa.tests.NewsTests"/>
  <system-out/>
</testsuite> <!-- com.qa.tests.NewsTests -->
