<?xml version="1.0" encoding="UTF-8"?>
<!-- Generated by org.testng.reporters.JUnitReportReporter -->
<testsuite hostname="IITMSLP232" failures="0" tests="1" name="com.qa.tests.academic.FeesCollectionTests" time="35.688" errors="0" timestamp="2023-03-22T20:56:40 IST" skipped="0">
  <testcase classname="com.qa.tests.academic.FeesCollectionTests" name="User_Able_To_Perform_Fees_collection" time="35.688"/>
  <system-out/>
</testsuite> <!-- com.qa.tests.academic.FeesCollectionTests -->
