<?xml version="1.0" encoding="UTF-8"?>
<!-- Generated by org.testng.reporters.JUnitReportReporter -->
<testsuite hostname="DESKTOP-1MTD1OS" failures="0" tests="1" name="com.qa.tests.academic.OnlineTests" time="9.801" errors="0" timestamp="2022-06-07T11:38:33 IST" skipped="0">
  <testcase classname="com.qa.tests.academic.OnlineTests" name="online_Tests" time="9.801"/>
  <system-out/>
</testsuite> <!-- com.qa.tests.academic.OnlineTests -->
