<?xml version="1.0" encoding="UTF-8"?>
<!-- Generated by org.testng.reporters.JUnitReportReporter -->
<testsuite skipped="0" hostname="DESKTOP-1MTD1OS" name="com.qa.tests.VideosTests" tests="7" failures="0" timestamp="2022-03-23T23:45:27 IST" time="22.465" errors="0">
  <testcase name="open_Videos" time="11.126" classname="com.qa.tests.VideosTests"/>
  <system-out/>
  <testcase name="view_Post_From_Videos" time="1.689" classname="com.qa.tests.VideosTests"/>
  <system-out/>
  <testcase name="like_Post_From_Videos" time="2.358" classname="com.qa.tests.VideosTests"/>
  <system-out/>
  <testcase name="unlike_Post_From_Videos" time="1.044" classname="com.qa.tests.VideosTests"/>
  <system-out/>
  <testcase name="download_Post_From_Videos" time="2.145" classname="com.qa.tests.VideosTests"/>
  <system-out/>
  <testcase name="bookmark_Post_From_Videos" time="2.033" classname="com.qa.tests.VideosTests"/>
  <system-out/>
  <testcase name="remove_Bookmark_From_Videos" time="2.070" classname="com.qa.tests.VideosTests"/>
  <system-out/>
</testsuite> <!-- com.qa.tests.VideosTests -->
