<?xml version="1.0" encoding="UTF-8"?>
<!-- Generated by org.testng.reporters.JUnitReportReporter -->
<testsuite hostname="IITMSLP40" failures="0" tests="1" name="com.qa.tests.examination.RegularExamTest_Student" time="36.687" errors="0" timestamp="2022-10-06T11:40:41 IST" skipped="0">
  <testcase classname="com.qa.tests.examination.RegularExamTest_Student" name="Result_at_student_side_after_result_publish" time="36.687"/>
  <system-out/>
</testsuite> <!-- com.qa.tests.examination.RegularExamTest_Student -->
