<?xml version="1.0" encoding="UTF-8"?>
<!-- Generated by org.testng.reporters.JUnitReportReporter -->
<testsuite skipped="0" hostname="DESKTOP-1MTD1OS" name="com.qa.tests.BlogsTests" tests="7" failures="0" timestamp="2022-03-23T23:35:32 IST" time="19.814" errors="0">
  <testcase name="open_Blogs" time="10.521" classname="com.qa.tests.BlogsTests"/>
  <system-out/>
  <testcase name="view_Post_From_Blogs" time="1.729" classname="com.qa.tests.BlogsTests"/>
  <system-out/>
  <testcase name="like_Post_From_Blogs" time="1.215" classname="com.qa.tests.BlogsTests"/>
  <system-out/>
  <testcase name="unlike_Post_From_Blogs" time="1.223" classname="com.qa.tests.BlogsTests"/>
  <system-out/>
  <testcase name="download_Post_From_Blogs" time="2.110" classname="com.qa.tests.BlogsTests"/>
  <system-out/>
  <testcase name="bookmark_Post_From_Blogs" time="1.556" classname="com.qa.tests.BlogsTests"/>
  <system-out/>
  <testcase name="remove_Bookmark_From_Blogs_Post" time="1.460" classname="com.qa.tests.BlogsTests"/>
  <system-out/>
</testsuite> <!-- com.qa.tests.BlogsTests -->
