<?xml version="1.0" encoding="UTF-8"?>
<!-- Generated by org.testng.reporters.JUnitReportReporter -->
<testsuite skipped="0" hostname="DESKTOP-1MTD1OS" name="com.qa.tests.TasksPageTests" tests="10" failures="0" timestamp="2022-03-29T23:09:43 IST" time="28.185" errors="0">
  <testcase name="open_Tasks" time="11.627" classname="com.qa.tests.TasksPageTests"/>
  <system-out/>
  <testcase name="filter_Completed_Tasks" time="3.348" classname="com.qa.tests.TasksPageTests"/>
  <system-out/>
  <testcase name="filter_Not_Completed_Tasks" time="2.603" classname="com.qa.tests.TasksPageTests"/>
  <system-out/>
  <testcase name="open_Facebook_Tasks" time="0.953" classname="com.qa.tests.TasksPageTests"/>
  <system-out/>
  <testcase name="open_Instagram_Tasks" time="1.581" classname="com.qa.tests.TasksPageTests"/>
  <system-out/>
  <testcase name="open_Twitter_Tasks" time="1.719" classname="com.qa.tests.TasksPageTests"/>
  <system-out/>
  <testcase name="open_WhatsApp_Tasks" time="1.625" classname="com.qa.tests.TasksPageTests"/>
  <system-out/>
  <testcase name="open_YouTube_Tasks" time="1.548" classname="com.qa.tests.TasksPageTests"/>
  <system-out/>
  <testcase name="open_Special_Tasks" time="1.509" classname="com.qa.tests.TasksPageTests"/>
  <system-out/>
  <testcase name="filter_Tasks_By_Date" time="1.672" classname="com.qa.tests.TasksPageTests"/>
  <system-out/>
</testsuite> <!-- com.qa.tests.TasksPageTests -->
