<?xml version="1.0" encoding="UTF-8"?>
<!-- Generated by org.testng.reporters.JUnitReportReporter -->
<testsuite skipped="0" hostname="DESKTOP-1MTD1OS" name="com.qa.tests.academic.roughTests" tests="4" failures="0" timestamp="2022-07-12T23:10:15 IST" time="0.028" errors="0">
  <testcase name="getStudentNames" time="0.003" classname="com.qa.tests.academic.roughTests"/>
  <system-out/>
  <testcase name="getStudentNames" time="0.003" classname="com.qa.tests.academic.roughTests"/>
  <system-out/>
  <testcase name="getStudentNames" time="0.020" classname="com.qa.tests.academic.roughTests"/>
  <system-out/>
  <testcase name="getStudentNames" time="0.002" classname="com.qa.tests.academic.roughTests"/>
  <system-out/>
</testsuite> <!-- com.qa.tests.academic.roughTests -->
