<?xml version="1.0" encoding="UTF-8"?>
<!-- Generated by org.testng.reporters.JUnitReportReporter -->
<testsuite hostname="IITMSLP40" failures="0" tests="1" name="com.qa.tests.attendance.SubjectTeacherAllottmentTests" time="32.084" errors="0" timestamp="2022-10-06T15:23:28 IST" skipped="0">
  <testcase classname="com.qa.tests.attendance.SubjectTeacherAllottmentTests" name="User_Able_To_Allot_Subject_To_A_Teacher" time="32.084"/>
  <system-out/>
</testsuite> <!-- com.qa.tests.attendance.SubjectTeacherAllottmentTests -->
