<?xml version="1.0" encoding="UTF-8"?>
<!-- Generated by org.testng.reporters.JUnitReportReporter -->
<testsuite hostname="IITMSLP40" failures="0" tests="1" name="com.qa.tests.payroll.EmployeeInformationTests" time="42.576" errors="0" timestamp="2022-10-06T11:40:41 IST" skipped="0">
  <testcase classname="com.qa.tests.payroll.EmployeeInformationTests" name="EmployeeInformation" time="42.576"/>
  <system-out/>
</testsuite> <!-- com.qa.tests.payroll.EmployeeInformationTests -->
