<?xml version="1.0" encoding="UTF-8"?>
<!-- Generated by org.testng.reporters.JUnitReportReporter -->
<testsuite hostname="IITMSLP232" failures="0" tests="1" name="com.qa.tests.academic.OutstandingFeesTests" time="74.367" errors="0" timestamp="2023-03-22T20:46:02 IST" skipped="0">
  <testcase classname="com.qa.tests.academic.OutstandingFeesTests" name="User_Able_To_Collect_Outstanding_fees" time="74.367"/>
  <system-out/>
</testsuite> <!-- com.qa.tests.academic.OutstandingFeesTests -->
