<?xml version="1.0" encoding="UTF-8"?>
<!-- Generated by org.testng.reporters.JUnitReportReporter -->
<testsuite skipped="0" hostname="DESKTOP-1MTD1OS" name="com.qa.utilities.TestParameterization" tests="3" failures="0" timestamp="2022-07-05T22:00:59 IST" time="0.013" errors="0">
  <testcase name="getStudentNames" time="0.002" classname="com.qa.utilities.TestParameterization"/>
  <system-out/>
  <testcase name="getStudentNames" time="0.010" classname="com.qa.utilities.TestParameterization"/>
  <system-out/>
  <testcase name="getStudentNames" time="0.001" classname="com.qa.utilities.TestParameterization"/>
  <system-out/>
</testsuite> <!-- com.qa.utilities.TestParameterization -->
