<?xml version="1.0" encoding="UTF-8"?>
<!-- Generated by org.testng.reporters.JUnitReportReporter -->
<testsuite hostname="IITMSLP40" failures="0" tests="1" name="com.qa.tests.itle_elearning.CreateObjectiveTests" time="39.820" errors="0" timestamp="2022-09-27T12:05:46 IST" skipped="0">
  <testcase classname="com.qa.tests.itle_elearning.CreateObjectiveTests" name="Faculty_Should_Be_Able_To_Create_Objective_Test_Paper" time="39.820"/>
  <system-out/>
</testsuite> <!-- com.qa.tests.itle_elearning.CreateObjectiveTests -->
