<?xml version="1.0" encoding="UTF-8"?>
<!-- Generated by org.testng.reporters.JUnitReportReporter -->
<testsuite hostname="IITMSLP232" failures="0" tests="1" name="com.qa.tests.payroll.LockUnlockSalaryTests" time="49.375" errors="0" timestamp="2023-03-22T20:46:02 IST" skipped="0">
  <testcase classname="com.qa.tests.payroll.LockUnlockSalaryTests" name="LockUnlockSalary" time="49.375"/>
  <system-out/>
</testsuite> <!-- com.qa.tests.payroll.LockUnlockSalaryTests -->
