<?xml version="1.0" encoding="UTF-8"?>
<!-- Generated by org.testng.reporters.JUnitReportReporter -->
<testsuite skipped="0" hostname="DESKTOP-1MTD1OS" name="com.qa.tests.academic.AttendanceStudentAttendanceTest" tests="1" failures="0" timestamp="2022-07-14T14:43:42 IST" time="51.054" errors="0">
  <testcase name="Attendance_TimetableCreation" time="51.054" classname="com.qa.tests.academic.AttendanceStudentAttendanceTest"/>
  <system-out/>
</testsuite> <!-- com.qa.tests.academic.AttendanceStudentAttendanceTest -->
