<?xml version="1.0" encoding="UTF-8"?>
<!-- Generated by org.testng.reporters.JUnitReportReporter -->
<testsuite skipped="0" hostname="DESKTOP-1MTD1OS" name="com.qa.tests.HomeTests" tests="5" failures="0" timestamp="2022-03-25T20:08:17 IST" time="12.373" errors="0">
  <testcase name="all_Tab" time="9.140" classname="com.qa.tests.HomeTests"/>
  <system-out/>
  <testcase name="gallery_Tab" time="1.227" classname="com.qa.tests.HomeTests"/>
  <system-out/>
  <testcase name="blog_Tab" time="0.849" classname="com.qa.tests.HomeTests"/>
  <system-out/>
  <testcase name="news_Tab" time="0.658" classname="com.qa.tests.HomeTests"/>
  <system-out/>
  <testcase name="videos_Tab" time="0.499" classname="com.qa.tests.HomeTests"/>
  <system-out/>
</testsuite> <!-- com.qa.tests.HomeTests -->
