<?xml version="1.0" encoding="UTF-8"?>
<!-- Generated by org.testng.reporters.JUnitReportReporter -->
<testsuite skipped="0" hostname="DESKTOP-1MTD1OS" name="com.qa.tests.itle_elearning.AppearDescriptiveTest" tests="1" failures="0" timestamp="2022-07-27T18:02:20 IST" time="96.675" errors="0">
  <testcase name="Student_Able_To_Appear_Descriptive_Test_And_See_Result" time="96.675" classname="com.qa.tests.itle_elearning.AppearDescriptiveTest"/>
  <system-out/>
</testsuite> <!-- com.qa.tests.itle_elearning.AppearDescriptiveTest -->
