<?xml version="1.0" encoding="UTF-8"?>
<!-- Generated by org.testng.reporters.JUnitReportReporter -->
<testsuite skipped="0" hostname="DESKTOP-1MTD1OS" name="com.qa.tests.Admission.StudentAdmissionTests" tests="1" failures="0" timestamp="2022-07-21T09:36:39 IST" time="74.320" errors="0">
  <testcase name="studentAdmission_with_ZeroAmt_andWith_DirectSubmit" time="74.320" classname="com.qa.tests.Admission.StudentAdmissionTests"/>
  <system-out/>
</testsuite> <!-- com.qa.tests.Admission.StudentAdmissionTests -->
