<?xml version="1.0" encoding="UTF-8"?>
<!-- Generated by org.testng.reporters.JUnitReportReporter -->
<testsuite hostname="IITMSLP232" failures="0" tests="1" name="com.qa.tests.academic.StudentAdmissionTests" time="38.328" errors="0" timestamp="2023-03-22T20:53:41 IST" skipped="0">
  <testcase classname="com.qa.tests.academic.StudentAdmissionTests" name="Student_Admission_With_ZeroAmt_Fees_Amount" time="38.328"/>
  <system-out/>
</testsuite> <!-- com.qa.tests.academic.StudentAdmissionTests -->
