<?xml version="1.0" encoding="UTF-8"?>
<!-- Generated by org.testng.reporters.JUnitReportReporter -->
<testsuite hostname="IITMSPC119" failures="0" tests="1" name="com.qa.tests.academic.AppearITLEObjectiveTest" time="78.331" errors="0" timestamp="2022-07-21T11:56:06 IST" skipped="0">
  <testcase classname="com.qa.tests.academic.AppearITLEObjectiveTest" name="create_ITLE_Tests" time="78.331"/>
  <system-out/>
</testsuite> <!-- com.qa.tests.academic.AppearITLEObjectiveTest -->
