<?xml version="1.0" encoding="UTF-8"?>
<!-- Generated by org.testng.reporters.JUnitReportReporter -->
<testsuite hostname="IITMSPC75" failures="0" tests="1" name="com.qa.tests.academic.DcrReportTests" time="88.735" errors="0" timestamp="2023-03-23T17:04:20 IST" skipped="0">
  <testcase classname="com.qa.tests.academic.DcrReportTests" name="User_Able_To_Generate_DCR_Report" time="88.735"/>
  <system-out/>
</testsuite> <!-- com.qa.tests.academic.DcrReportTests -->
