<?xml version="1.0" encoding="UTF-8"?>
<!-- Generated by org.testng.reporters.JUnitReportReporter -->
<testsuite skipped="0" hostname="DESKTOP-1MTD1OS" name="com.qa.tests.BookmarkTests" tests="1" failures="0" timestamp="2022-03-25T11:19:28 IST" time="12.468" errors="0">
  <testcase name="view_Bookmark" time="12.468" classname="com.qa.tests.BookmarkTests"/>
  <system-out/>
</testsuite> <!-- com.qa.tests.BookmarkTests -->
