<?xml version="1.0" encoding="UTF-8"?>
<!-- Generated by org.testng.reporters.JUnitReportReporter -->
<testsuite skipped="0" hostname="DESKTOP-1MTD1OS" name="com.qa.tests.FilterContentTests" tests="2" failures="0" timestamp="2022-03-28T20:08:39 IST" time="15.924" errors="0">
  <testcase name="choose_Most_Popular_Issue" time="12.491" classname="com.qa.tests.FilterContentTests"/>
  <system-out/>
  <testcase name="choose_Most_Recent_Issue" time="3.433" classname="com.qa.tests.FilterContentTests"/>
  <system-out/>
</testsuite> <!-- com.qa.tests.FilterContentTests -->
