<?xml version="1.0" encoding="UTF-8"?>
<!-- Generated by org.testng.reporters.JUnitReportReporter -->
<testsuite hostname="DESKTOP-1MTD1OS" failures="0" tests="1" name="com.qa.tests.academic.SYTYRegisterationTests" time="16.466" errors="0" timestamp="2022-06-10T17:07:59 IST" skipped="0">
  <testcase classname="com.qa.tests.academic.SYTYRegisterationTests" name="registerationSYTY" time="16.466"/>
  <system-out/>
</testsuite> <!-- com.qa.tests.academic.SYTYRegisterationTests -->
