<?xml version="1.0" encoding="UTF-8"?>
<!-- Generated by org.testng.reporters.JUnitReportReporter -->
<testsuite hostname="IITMSLP232" failures="0" tests="1" name="com.qa.tests.academic.StudentLedgerTests" time="52.541" errors="0" timestamp="2023-03-22T20:46:02 IST" skipped="0">
  <testcase classname="com.qa.tests.academic.StudentLedgerTests" name="User_Able_To_Generate_Student_Ledger" time="52.541"/>
  <system-out/>
</testsuite> <!-- com.qa.tests.academic.StudentLedgerTests -->
