<?xml version="1.0" encoding="UTF-8"?>
<!-- Generated by org.testng.reporters.JUnitReportReporter -->
<testsuite hostname="IITMSPC17" failures="0" tests="1" name="com.qa.tests.sampleTestA.DcrReportTests" time="40.996" errors="0" timestamp="2022-12-14T17:21:04 IST" skipped="0">
  <testcase classname="com.qa.tests.sampleTestA.DcrReportTests" name="User_Able_To_Generate_DCR_Report" time="40.996"/>
  <system-out/>
</testsuite> <!-- com.qa.tests.sampleTestA.DcrReportTests -->
