<?xml version="1.0" encoding="UTF-8"?>
<!-- Generated by org.testng.reporters.JUnitReportReporter -->
<testsuite skipped="0" hostname="DESKTOP-1MTD1OS" name="com.qa.tests.itle_elearning.CreateDescriptiveTests" tests="1" failures="0" timestamp="2022-07-27T18:02:20 IST" time="57.710" errors="0">
  <testcase name="Faculty_Should_Be_Able_To_Create_Descriptive_Test_Paper" time="57.710" classname="com.qa.tests.itle_elearning.CreateDescriptiveTests"/>
  <system-out/>
</testsuite> <!-- com.qa.tests.itle_elearning.CreateDescriptiveTests -->
