<?xml version="1.0" encoding="UTF-8"?>
<!-- Generated by org.testng.reporters.JUnitReportReporter -->
<testsuite skipped="0" hostname="DESKTOP-1MTD1OS" name="com.qa.tests.AllTests" tests="6" failures="0" timestamp="2022-03-25T00:08:37 IST" time="16.847" errors="0">
  <testcase name="view_Post_From_All" time="10.328" classname="com.qa.tests.AllTests"/>
  <system-out/>
  <testcase name="like_Post_From_All" time="0.389" classname="com.qa.tests.AllTests"/>
  <system-out/>
  <testcase name="unlike_Post_From_All" time="1.095" classname="com.qa.tests.AllTests"/>
  <system-out/>
  <testcase name="download_Post_From_All" time="2.157" classname="com.qa.tests.AllTests"/>
  <system-out/>
  <testcase name="bookmark_Post_From_All" time="1.529" classname="com.qa.tests.AllTests"/>
  <system-out/>
  <testcase name="remove_Bookmark_From_Post" time="1.349" classname="com.qa.tests.AllTests"/>
  <system-out/>
</testsuite> <!-- com.qa.tests.AllTests -->
