<?xml version="1.0" encoding="UTF-8"?>
<!-- Generated by org.testng.reporters.JUnitReportReporter -->
<testsuite hostname="IITMSPC119" failures="0" tests="1" name="com.qa.tests.academic.AttendanceTimetableCreationTest" time="27.801" errors="0" timestamp="2022-07-08T15:36:21 IST" skipped="0">
  <testcase classname="com.qa.tests.academic.AttendanceTimetableCreationTest" name="Attendance_TimetableCreation" time="27.801"/>
  <system-out/>
</testsuite> <!-- com.qa.tests.academic.AttendanceTimetableCreationTest -->
