<?xml version="1.0" encoding="UTF-8"?>
<!-- Generated by org.testng.reporters.JUnitReportReporter -->
<testsuite hostname="IITMSPC17" failures="0" tests="1" name="com.qa.tests.sampleTestA.SampleTestB" time="44.444" errors="0" timestamp="2022-12-05T18:07:13 IST" skipped="0">
  <testcase classname="com.qa.tests.sampleTestA.SampleTestB" name="SampleTestB" time="44.444"/>
  <system-out/>
</testsuite> <!-- com.qa.tests.sampleTestA.SampleTestB -->
