<?xml version="1.0" encoding="UTF-8"?>
<!-- Generated by org.testng.reporters.JUnitReportReporter -->
<testsuite skipped="0" hostname="DESKTOP-1MTD1OS" name="com.qa.tests.GalleryTests" tests="7" failures="0" timestamp="2022-03-23T23:15:02 IST" time="19.141" errors="0">
  <testcase name="open_Gallery" time="9.444" classname="com.qa.tests.GalleryTests"/>
  <system-out/>
  <testcase name="view_Post_From_Gallery" time="3.188" classname="com.qa.tests.GalleryTests"/>
  <system-out/>
  <testcase name="like_Post_From_Gallery" time="0.465" classname="com.qa.tests.GalleryTests"/>
  <system-out/>
  <testcase name="unlike_Post_From_Gallery" time="1.101" classname="com.qa.tests.GalleryTests"/>
  <system-out/>
  <testcase name="download_Post_From_Gallery" time="1.971" classname="com.qa.tests.GalleryTests"/>
  <system-out/>
  <testcase name="bookmark_Post_From_Gallery" time="1.840" classname="com.qa.tests.GalleryTests"/>
  <system-out/>
  <testcase name="remove_Bookmark_From_Gallery_Post" time="1.132" classname="com.qa.tests.GalleryTests"/>
  <system-out/>
</testsuite> <!-- com.qa.tests.GalleryTests -->
