<?xml version="1.0" encoding="UTF-8"?>
<!-- Generated by org.testng.reporters.JUnitReportReporter -->
<testsuite skipped="0" hostname="DESKTOP-1MTD1OS" name="com.qa.tests.ITLE.AppearITLEObjectiveTest" tests="1" failures="0" timestamp="2022-07-15T13:56:12 IST" time="22.174" errors="0">
  <testcase name="create_ITLE_Tests" time="22.174" classname="com.qa.tests.ITLE.AppearITLEObjectiveTest"/>
  <system-out/>
</testsuite> <!-- com.qa.tests.ITLE.AppearITLEObjectiveTest -->
