<?xml version="1.0" encoding="UTF-8"?>
<!-- Generated by org.testng.reporters.JUnitReportReporter -->
<testsuite skipped="0" hostname="DESKTOP-1MTD1OS" name="com.qa.tests.ChangeLanguageTests" tests="2" failures="0" timestamp="2022-03-25T18:12:16 IST" time="24.248" errors="0">
  <testcase name="change_Language_To_Telugu" time="21.249" classname="com.qa.tests.ChangeLanguageTests"/>
  <system-out/>
  <testcase name="change_Language_To_English" time="2.999" classname="com.qa.tests.ChangeLanguageTests"/>
  <system-out/>
</testsuite> <!-- com.qa.tests.ChangeLanguageTests -->
