<?xml version="1.0" encoding="UTF-8"?>
<!-- Generated by org.testng.reporters.JUnitReportReporter -->
<testsuite skipped="0" hostname="DESKTOP-1MTD1OS" name="com.qa.tests.NotificationPageTests" tests="1" failures="0" timestamp="2022-03-28T20:07:29 IST" time="12.132" errors="0">
  <testcase name="view_Notifications" time="12.132" classname="com.qa.tests.NotificationPageTests"/>
  <system-out/>
</testsuite> <!-- com.qa.tests.NotificationPageTests -->
