<?xml version="1.0" encoding="UTF-8"?>
<!-- Generated by org.testng.reporters.JUnitReportReporter -->
<testsuite skipped="0" hostname="DESKTOP-1MTD1OS" name="com.qa.tests.LoginTests" tests="5" failures="0" timestamp="2022-04-04T18:21:32 IST" time="33.775" errors="0">
  <testcase name="login_with_invalid_MobileNumber" time="8.742" classname="com.qa.tests.LoginTests"/>
  <system-out/>
  <testcase name="login_with_invalid_User" time="4.599" classname="com.qa.tests.LoginTests"/>
  <system-out/>
  <testcase name="login_with_invalid_Password" time="5.166" classname="com.qa.tests.LoginTests"/>
  <system-out/>
  <testcase name="login_with_wrong_Password" time="4.172" classname="com.qa.tests.LoginTests"/>
  <system-out/>
  <testcase name="login_with_valid_credentials" time="11.096" classname="com.qa.tests.LoginTests"/>
  <system-out/>
</testsuite> <!-- com.qa.tests.LoginTests -->
