<?xml version="1.0" encoding="UTF-8"?>
<!-- Generated by org.testng.reporters.JUnitReportReporter -->
<testsuite hostname="IITMSLP232" failures="0" tests="1" name="com.qa.tests.establishment.LeaveStatusReportTests" time="17.254" errors="0" timestamp="2023-03-22T21:19:54 IST" skipped="0">
  <testcase classname="com.qa.tests.establishment.LeaveStatusReportTests" name="Leave_Status_Report" time="17.254"/>
  <system-out/>
</testsuite> <!-- com.qa.tests.establishment.LeaveStatusReportTests -->
