<?xml version="1.0" encoding="UTF-8"?>
<!-- Generated by org.testng.reporters.JUnitReportReporter -->
<testsuite skipped="0" hostname="DESKTOP-1MTD1OS" name="com.qa.tests.ITLE.CreateITLETests" tests="1" failures="0" timestamp="2022-07-15T14:50:52 IST" time="29.886" errors="0">
  <testcase name="create_ITLE_Tests" time="29.886" classname="com.qa.tests.ITLE.CreateITLETests"/>
  <system-out/>
</testsuite> <!-- com.qa.tests.ITLE.CreateITLETests -->
