<?xml version="1.0" encoding="UTF-8"?>
<!-- Generated by org.testng.reporters.JUnitReportReporter -->
<testsuite skipped="0" hostname="DESKTOP-1MTD1OS" name="com.qa.utilities.Utilities" tests="4" failures="0" timestamp="2022-07-06T20:57:15 IST" time="0.007" errors="0">
  <testcase name="getStudentNames" time="0.001" classname="com.qa.utilities.Utilities"/>
  <system-out/>
  <testcase name="getStudentNames" time="0.005" classname="com.qa.utilities.Utilities"/>
  <system-out/>
  <testcase name="getStudentNames" time="0.001" classname="com.qa.utilities.Utilities"/>
  <system-out/>
  <testcase name="getStudentNames" time="0.000" classname="com.qa.utilities.Utilities"/>
  <system-out/>
</testsuite> <!-- com.qa.utilities.Utilities -->
