<?xml version="1.0" encoding="UTF-8"?>
<!-- Generated by org.testng.reporters.JUnitReportReporter -->
<testsuite hostname="IITMSLP232" failures="0" tests="1" name="com.qa.tests.academic.DemandReportTests" time="38.648" errors="0" timestamp="2023-03-22T20:46:02 IST" skipped="0">
  <testcase classname="com.qa.tests.academic.DemandReportTests" name="User_Able_To_Generate_Demand_Report" time="38.648"/>
  <system-out/>
</testsuite> <!-- com.qa.tests.academic.DemandReportTests -->
