<?xml version="1.0" encoding="UTF-8"?>
<!-- Generated by org.testng.reporters.JUnitReportReporter -->
<testsuite hostname="IITMSLP232" failures="0" tests="1" name="com.qa.tests.itle_elearning.CreateObjectiveTestsCIMS" time="29.392" errors="0" timestamp="2023-03-22T21:15:02 IST" skipped="0">
  <testcase classname="com.qa.tests.itle_elearning.CreateObjectiveTestsCIMS" name="Faculty_Should_Be_Able_To_Create_Objective_Test_Paper" time="29.392"/>
  <system-out/>
</testsuite> <!-- com.qa.tests.itle_elearning.CreateObjectiveTestsCIMS -->
