<?xml version="1.0" encoding="UTF-8"?>
<!-- Generated by org.testng.reporters.JUnitReportReporter -->
<testsuite hostname="IITMSLP232" failures="0" tests="1" name="com.qa.tests.payroll.AbstractSalaryNewReportTests" time="31.070" errors="0" timestamp="2023-03-22T20:46:03 IST" skipped="0">
  <testcase classname="com.qa.tests.payroll.AbstractSalaryNewReportTests" name="AbstractSalaryNewReport" time="31.070"/>
  <system-out/>
</testsuite> <!-- com.qa.tests.payroll.AbstractSalaryNewReportTests -->
