<?xml version="1.0" encoding="UTF-8"?>
<!-- Generated by org.testng.reporters.JUnitReportReporter -->
<testsuite skipped="0" hostname="DESKTOP-1MTD1OS" name="com.qa.tests.attendance.AttendanceTheoryBatchAllottmentTests" tests="1" failures="0" timestamp="2022-07-25T10:32:03 IST" time="17.962" errors="0">
  <testcase name="Attendance_Theorybatchallotment" time="17.962" classname="com.qa.tests.attendance.AttendanceTheoryBatchAllottmentTests"/>
  <system-out/>
</testsuite> <!-- com.qa.tests.attendance.AttendanceTheoryBatchAllottmentTests -->
